[www.tarjetas.cool/modelos/cumple/super_mario_bros/index.html]
[cdn.jsdelivr.net/npm/bootstrap@5.1.3/dist/css/bootstrap.min.css]
[backblue.gif]
[fade.gif]
[index.html]
[cdn.jsdelivr.net/npm/bootstrap-icons@1.9.1/font/bootstrap-icons.css]
[www.tarjetas.cool/modelos/cumple/super_mario_bros/css/styles7893.css]
[www.tarjetas.cool/favicon-32x32.png]
[www.tarjetas.cool/favicon-16x16.png]
[www.tarjetas.cool/modelos/cumple/super_mario_bros/img/1.png]
[www.tarjetas.cool/modelos/cumple/super_mario_bros/img/foto1.jpg]
[www.tarjetas.cool/modelos/cumple/super_mario_bros/sounds/audio.mp3]
[www.tarjetas.cool/modelos/cumple/super_mario_bros/img/timer.png]
[www.tarjetas.cool/modelos/cumple/super_mario_bros/img/cinta.gif]
[www.tarjetas.cool/modelos/cumple/super_mario_bros/img/logo_animado.gif]
[cdn.jsdelivr.net/npm/bootstrap@5.1.3/dist/js/bootstrap.bundle.min.js]
[www.tarjetas.cool/modelos/cumple/super_mario_bros/index.html]
[www.tarjetas.cool/modelos/cumple/super_mario_bros/js/card8fa7.js]
[cdn.jsdelivr.net/npm/bootstrap@5.1.3/dist/css/bootstrap.min.css]
[cdn.jsdelivr.net/npm/bootstrap-icons@1.9.1/font/fonts/bootstrap-iconsd862.woff2]
[cdn.jsdelivr.net/npm/bootstrap-icons@1.9.1/font/bootstrap-icons.css]
[cdn.jsdelivr.net/npm/bootstrap-icons@1.9.1/font/fonts/bootstrap-iconsd862.woff]
[www.tarjetas.cool/modelos/cumple/super_mario_bros/fonts/SuperMario256.ttf]
[www.tarjetas.cool/modelos/cumple/super_mario_bros/img/fondo_ppl.jpg]
[www.tarjetas.cool/modelos/cumple/super_mario_bros/img/fondo_loader.jpg]
[www.tarjetas.cool/modelos/cumple/super_mario_bros/img/fondo_tarjeta3860.jpg]
[www.tarjetas.cool/modelos/cumple/super_mario_bros/img/fondo.jpg]
[www.tarjetas.cool/modelos/cumple/super_mario_bros/css/styles7893.css]
[www.tarjetas.cool/modelos/cumple/super_mario_bros/js/card8fa7.js]
